  main.c
c:\abc\main.c(43): warning C4013: 'FirstScreen'이(가) 정의되지 않았습니다. extern은 int형을 반환하는 것으로 간주합니다.
c:\abc\main.c(51): warning C4047: '함수': 'int'의 간접 참조 수준이 'int *'과(와) 다릅니다.
c:\abc\main.c(51): warning C4024: 'InputBuyInform': 형식 및 실제 매개 변수 1의 형식이 서로 다릅니다.
c:\abc\main.c(51): warning C4024: 'InputBuyInform': 형식 및 실제 매개 변수 2의 형식이 서로 다릅니다.
c:\abc\main.c(51): warning C4024: 'InputBuyInform': 형식 및 실제 매개 변수 3의 형식이 서로 다릅니다.
c:\abc\main.c(58): warning C4047: '함수': 'int'의 간접 참조 수준이 'int *'과(와) 다릅니다.
c:\abc\main.c(58): warning C4024: 'InputSellInform': 형식 및 실제 매개 변수 1의 형식이 서로 다릅니다.
c:\abc\main.c(58): warning C4024: 'InputSellInform': 형식 및 실제 매개 변수 2의 형식이 서로 다릅니다.
c:\abc\main.c(58): warning C4024: 'InputSellInform': 형식 및 실제 매개 변수 3의 형식이 서로 다릅니다.
c:\abc\main.c(14): warning C4996: 'localtime': This function or variable may be unsafe. Consider using localtime_s instead. To disable deprecation, use _CRT_SECURE_NO_WARNINGS. See online help for details.
  c:\program files (x86)\windows kits\10\include\10.0.17134.0\ucrt\time.h(506): note: 'localtime' 선언을 참조하십시오.
c:\abc\main.c(44): warning C4996: 'scanf': This function or variable may be unsafe. Consider using scanf_s instead. To disable deprecation, use _CRT_SECURE_NO_WARNINGS. See online help for details.
  c:\program files (x86)\windows kits\10\include\10.0.17134.0\ucrt\stdio.h(1274): note: 'scanf' 선언을 참조하십시오.
c:\abc\main.c(52): warning C4996: 'scanf': This function or variable may be unsafe. Consider using scanf_s instead. To disable deprecation, use _CRT_SECURE_NO_WARNINGS. See online help for details.
  c:\program files (x86)\windows kits\10\include\10.0.17134.0\ucrt\stdio.h(1274): note: 'scanf' 선언을 참조하십시오.
c:\abc\main.c(59): warning C4996: 'scanf': This function or variable may be unsafe. Consider using scanf_s instead. To disable deprecation, use _CRT_SECURE_NO_WARNINGS. See online help for details.
  c:\program files (x86)\windows kits\10\include\10.0.17134.0\ucrt\stdio.h(1274): note: 'scanf' 선언을 참조하십시오.
c:\abc\main.c(70): warning C4996: 'fopen': This function or variable may be unsafe. Consider using fopen_s instead. To disable deprecation, use _CRT_SECURE_NO_WARNINGS. See online help for details.
  c:\program files (x86)\windows kits\10\include\10.0.17134.0\ucrt\stdio.h(208): note: 'fopen' 선언을 참조하십시오.
c:\abc\main.c(73): warning C4996: 'fscanf': This function or variable may be unsafe. Consider using fscanf_s instead. To disable deprecation, use _CRT_SECURE_NO_WARNINGS. See online help for details.
  c:\program files (x86)\windows kits\10\include\10.0.17134.0\ucrt\stdio.h(1197): note: 'fscanf' 선언을 참조하십시오.
c:\abc\main.c(79): warning C4996: 'fopen': This function or variable may be unsafe. Consider using fopen_s instead. To disable deprecation, use _CRT_SECURE_NO_WARNINGS. See online help for details.
  c:\program files (x86)\windows kits\10\include\10.0.17134.0\ucrt\stdio.h(208): note: 'fopen' 선언을 참조하십시오.
c:\abc\main.c(82): warning C4996: 'fscanf': This function or variable may be unsafe. Consider using fscanf_s instead. To disable deprecation, use _CRT_SECURE_NO_WARNINGS. See online help for details.
  c:\program files (x86)\windows kits\10\include\10.0.17134.0\ucrt\stdio.h(1197): note: 'fscanf' 선언을 참조하십시오.
c:\abc\main.c(93): warning C4996: 'scanf': This function or variable may be unsafe. Consider using scanf_s instead. To disable deprecation, use _CRT_SECURE_NO_WARNINGS. See online help for details.
  c:\program files (x86)\windows kits\10\include\10.0.17134.0\ucrt\stdio.h(1274): note: 'scanf' 선언을 참조하십시오.
  Project123.vcxproj -> C:\abc\Debug\Project123.exe
